<?xml version="1.0" encoding="UTF-8"?>
<testsuite xmlns:xsi="http://www.w3.org/2001/XMLSchema-instance" xsi:noNamespaceSchemaLocation="https://maven.apache.org/surefire/maven-surefire-plugin/xsd/surefire-test-report.xsd" name="com.tjut.FinalAssignmentApplicationTests" time="2.283" tests="1" errors="0" skipped="0" failures="0">
  <properties>
    <property name="java.specification.version" value="18"/>
    <property name="sun.cpu.isalist" value="amd64"/>
    <property name="sun.jnu.encoding" value="GBK"/>
    <property name="java.class.path" value="C:\Users\silentdragon\IdeaProjects\FinalAssignment\target\test-classes;C:\Users\silentdragon\IdeaProjects\FinalAssignment\target\classes;C:\app\apache-maven-3.9.0\maven_repo\org\springframework\boot\spring-boot-starter-web\3.0.5\spring-boot-starter-web-3.0.5.jar;C:\app\apache-maven-3.9.0\maven_repo\org\springframework\boot\spring-boot-starter\3.0.5\spring-boot-starter-3.0.5.jar;C:\app\apache-maven-3.9.0\maven_repo\org\springframework\boot\spring-boot\3.0.5\spring-boot-3.0.5.jar;C:\app\apache-maven-3.9.0\maven_repo\org\springframework\boot\spring-boot-starter-logging\3.0.5\spring-boot-starter-logging-3.0.5.jar;C:\app\apache-maven-3.9.0\maven_repo\ch\qos\logback\logback-classic\1.4.6\logback-classic-1.4.6.jar;C:\app\apache-maven-3.9.0\maven_repo\ch\qos\logback\logback-core\1.4.6\logback-core-1.4.6.jar;C:\app\apache-maven-3.9.0\maven_repo\org\apache\logging\log4j\log4j-to-slf4j\2.19.0\log4j-to-slf4j-2.19.0.jar;C:\app\apache-maven-3.9.0\maven_repo\org\apache\logging\log4j\log4j-api\2.19.0\log4j-api-2.19.0.jar;C:\app\apache-maven-3.9.0\maven_repo\org\slf4j\jul-to-slf4j\2.0.7\jul-to-slf4j-2.0.7.jar;C:\app\apache-maven-3.9.0\maven_repo\jakarta\annotation\jakarta.annotation-api\2.1.1\jakarta.annotation-api-2.1.1.jar;C:\app\apache-maven-3.9.0\maven_repo\org\yaml\snakeyaml\1.33\snakeyaml-1.33.jar;C:\app\apache-maven-3.9.0\maven_repo\org\springframework\boot\spring-boot-starter-json\3.0.5\spring-boot-starter-json-3.0.5.jar;C:\app\apache-maven-3.9.0\maven_repo\com\fasterxml\jackson\core\jackson-databind\2.14.2\jackson-databind-2.14.2.jar;C:\app\apache-maven-3.9.0\maven_repo\com\fasterxml\jackson\core\jackson-annotations\2.14.2\jackson-annotations-2.14.2.jar;C:\app\apache-maven-3.9.0\maven_repo\com\fasterxml\jackson\core\jackson-core\2.14.2\jackson-core-2.14.2.jar;C:\app\apache-maven-3.9.0\maven_repo\com\fasterxml\jackson\datatype\jackson-datatype-jdk8\2.14.2\jackson-datatype-jdk8-2.14.2.jar;C:\app\apache-maven-3.9.0\maven_repo\com\fasterxml\jackson\datatype\jackson-datatype-jsr310\2.14.2\jackson-datatype-jsr310-2.14.2.jar;C:\app\apache-maven-3.9.0\maven_repo\com\fasterxml\jackson\module\jackson-module-parameter-names\2.14.2\jackson-module-parameter-names-2.14.2.jar;C:\app\apache-maven-3.9.0\maven_repo\org\springframework\boot\spring-boot-starter-tomcat\3.0.5\spring-boot-starter-tomcat-3.0.5.jar;C:\app\apache-maven-3.9.0\maven_repo\org\apache\tomcat\embed\tomcat-embed-core\10.1.7\tomcat-embed-core-10.1.7.jar;C:\app\apache-maven-3.9.0\maven_repo\org\apache\tomcat\embed\tomcat-embed-websocket\10.1.7\tomcat-embed-websocket-10.1.7.jar;C:\app\apache-maven-3.9.0\maven_repo\org\springframework\spring-web\6.0.7\spring-web-6.0.7.jar;C:\app\apache-maven-3.9.0\maven_repo\org\springframework\spring-beans\6.0.7\spring-beans-6.0.7.jar;C:\app\apache-maven-3.9.0\maven_repo\io\micrometer\micrometer-observation\1.10.5\micrometer-observation-1.10.5.jar;C:\app\apache-maven-3.9.0\maven_repo\io\micrometer\micrometer-commons\1.10.5\micrometer-commons-1.10.5.jar;C:\app\apache-maven-3.9.0\maven_repo\org\springframework\spring-webmvc\6.0.7\spring-webmvc-6.0.7.jar;C:\app\apache-maven-3.9.0\maven_repo\org\springframework\spring-aop\6.0.7\spring-aop-6.0.7.jar;C:\app\apache-maven-3.9.0\maven_repo\org\springframework\spring-context\6.0.7\spring-context-6.0.7.jar;C:\app\apache-maven-3.9.0\maven_repo\org\springframework\spring-expression\6.0.7\spring-expression-6.0.7.jar;C:\app\apache-maven-3.9.0\maven_repo\org\springframework\boot\spring-boot-starter-validation\3.0.4\spring-boot-starter-validation-3.0.4.jar;C:\app\apache-maven-3.9.0\maven_repo\org\apache\tomcat\embed\tomcat-embed-el\10.1.7\tomcat-embed-el-10.1.7.jar;C:\app\apache-maven-3.9.0\maven_repo\org\hibernate\validator\hibernate-validator\8.0.0.Final\hibernate-validator-8.0.0.Final.jar;C:\app\apache-maven-3.9.0\maven_repo\jakarta\validation\jakarta.validation-api\3.0.2\jakarta.validation-api-3.0.2.jar;C:\app\apache-maven-3.9.0\maven_repo\org\jboss\logging\jboss-logging\3.5.0.Final\jboss-logging-3.5.0.Final.jar;C:\app\apache-maven-3.9.0\maven_repo\com\fasterxml\classmate\1.5.1\classmate-1.5.1.jar;C:\app\apache-maven-3.9.0\maven_repo\com\baomidou\mybatis-plus-boot-starter\3.5.3.1\mybatis-plus-boot-starter-3.5.3.1.jar;C:\app\apache-maven-3.9.0\maven_repo\com\baomidou\mybatis-plus\3.5.3.1\mybatis-plus-3.5.3.1.jar;C:\app\apache-maven-3.9.0\maven_repo\com\baomidou\mybatis-plus-extension\3.5.3.1\mybatis-plus-extension-3.5.3.1.jar;C:\app\apache-maven-3.9.0\maven_repo\com\baomidou\mybatis-plus-core\3.5.3.1\mybatis-plus-core-3.5.3.1.jar;C:\app\apache-maven-3.9.0\maven_repo\com\baomidou\mybatis-plus-annotation\3.5.3.1\mybatis-plus-annotation-3.5.3.1.jar;C:\app\apache-maven-3.9.0\maven_repo\com\github\jsqlparser\jsqlparser\4.4\jsqlparser-4.4.jar;C:\app\apache-maven-3.9.0\maven_repo\org\mybatis\mybatis\3.5.10\mybatis-3.5.10.jar;C:\app\apache-maven-3.9.0\maven_repo\org\mybatis\mybatis-spring\2.0.7\mybatis-spring-2.0.7.jar;C:\app\apache-maven-3.9.0\maven_repo\org\springframework\boot\spring-boot-autoconfigure\3.0.5\spring-boot-autoconfigure-3.0.5.jar;C:\app\apache-maven-3.9.0\maven_repo\org\springframework\boot\spring-boot-starter-jdbc\3.0.5\spring-boot-starter-jdbc-3.0.5.jar;C:\app\apache-maven-3.9.0\maven_repo\com\zaxxer\HikariCP\5.0.1\HikariCP-5.0.1.jar;C:\app\apache-maven-3.9.0\maven_repo\org\springframework\spring-jdbc\6.0.7\spring-jdbc-6.0.7.jar;C:\app\apache-maven-3.9.0\maven_repo\org\springframework\spring-tx\6.0.7\spring-tx-6.0.7.jar;C:\app\apache-maven-3.9.0\maven_repo\com\alibaba\druid\1.1.16\druid-1.1.16.jar;C:\app\apache-maven-3.9.0\maven_repo\com\mysql\mysql-connector-j\8.0.32\mysql-connector-j-8.0.32.jar;C:\app\apache-maven-3.9.0\maven_repo\org\projectlombok\lombok\1.18.26\lombok-1.18.26.jar;C:\app\apache-maven-3.9.0\maven_repo\org\springframework\boot\spring-boot-starter-test\3.0.5\spring-boot-starter-test-3.0.5.jar;C:\app\apache-maven-3.9.0\maven_repo\org\springframework\boot\spring-boot-test\3.0.5\spring-boot-test-3.0.5.jar;C:\app\apache-maven-3.9.0\maven_repo\org\springframework\boot\spring-boot-test-autoconfigure\3.0.5\spring-boot-test-autoconfigure-3.0.5.jar;C:\app\apache-maven-3.9.0\maven_repo\com\jayway\jsonpath\json-path\2.7.0\json-path-2.7.0.jar;C:\app\apache-maven-3.9.0\maven_repo\net\minidev\json-smart\2.4.10\json-smart-2.4.10.jar;C:\app\apache-maven-3.9.0\maven_repo\net\minidev\accessors-smart\2.4.9\accessors-smart-2.4.9.jar;C:\app\apache-maven-3.9.0\maven_repo\org\ow2\asm\asm\9.3\asm-9.3.jar;C:\app\apache-maven-3.9.0\maven_repo\org\slf4j\slf4j-api\2.0.7\slf4j-api-2.0.7.jar;C:\app\apache-maven-3.9.0\maven_repo\jakarta\xml\bind\jakarta.xml.bind-api\4.0.0\jakarta.xml.bind-api-4.0.0.jar;C:\app\apache-maven-3.9.0\maven_repo\jakarta\activation\jakarta.activation-api\2.1.1\jakarta.activation-api-2.1.1.jar;C:\app\apache-maven-3.9.0\maven_repo\org\assertj\assertj-core\3.23.1\assertj-core-3.23.1.jar;C:\app\apache-maven-3.9.0\maven_repo\net\bytebuddy\byte-buddy\1.12.23\byte-buddy-1.12.23.jar;C:\app\apache-maven-3.9.0\maven_repo\org\hamcrest\hamcrest\2.2\hamcrest-2.2.jar;C:\app\apache-maven-3.9.0\maven_repo\org\junit\jupiter\junit-jupiter\5.9.2\junit-jupiter-5.9.2.jar;C:\app\apache-maven-3.9.0\maven_repo\org\junit\jupiter\junit-jupiter-api\5.9.2\junit-jupiter-api-5.9.2.jar;C:\app\apache-maven-3.9.0\maven_repo\org\opentest4j\opentest4j\1.2.0\opentest4j-1.2.0.jar;C:\app\apache-maven-3.9.0\maven_repo\org\junit\platform\junit-platform-commons\1.9.2\junit-platform-commons-1.9.2.jar;C:\app\apache-maven-3.9.0\maven_repo\org\apiguardian\apiguardian-api\1.1.2\apiguardian-api-1.1.2.jar;C:\app\apache-maven-3.9.0\maven_repo\org\junit\jupiter\junit-jupiter-params\5.9.2\junit-jupiter-params-5.9.2.jar;C:\app\apache-maven-3.9.0\maven_repo\org\junit\jupiter\junit-jupiter-engine\5.9.2\junit-jupiter-engine-5.9.2.jar;C:\app\apache-maven-3.9.0\maven_repo\org\junit\platform\junit-platform-engine\1.9.2\junit-platform-engine-1.9.2.jar;C:\app\apache-maven-3.9.0\maven_repo\org\mockito\mockito-core\4.8.1\mockito-core-4.8.1.jar;C:\app\apache-maven-3.9.0\maven_repo\net\bytebuddy\byte-buddy-agent\1.12.23\byte-buddy-agent-1.12.23.jar;C:\app\apache-maven-3.9.0\maven_repo\org\objenesis\objenesis\3.2\objenesis-3.2.jar;C:\app\apache-maven-3.9.0\maven_repo\org\mockito\mockito-junit-jupiter\4.8.1\mockito-junit-jupiter-4.8.1.jar;C:\app\apache-maven-3.9.0\maven_repo\org\skyscreamer\jsonassert\1.5.1\jsonassert-1.5.1.jar;C:\app\apache-maven-3.9.0\maven_repo\com\vaadin\external\google\android-json\0.0.20131108.vaadin1\android-json-0.0.20131108.vaadin1.jar;C:\app\apache-maven-3.9.0\maven_repo\org\springframework\spring-core\6.0.7\spring-core-6.0.7.jar;C:\app\apache-maven-3.9.0\maven_repo\org\springframework\spring-jcl\6.0.7\spring-jcl-6.0.7.jar;C:\app\apache-maven-3.9.0\maven_repo\org\springframework\spring-test\6.0.7\spring-test-6.0.7.jar;C:\app\apache-maven-3.9.0\maven_repo\org\xmlunit\xmlunit-core\2.9.1\xmlunit-core-2.9.1.jar;"/>
    <property name="java.vm.vendor" value="Oracle Corporation"/>
    <property name="sun.arch.data.model" value="64"/>
    <property name="user.variant" value=""/>
    <property name="java.vendor.url" value="https://java.oracle.com/"/>
    <property name="user.timezone" value="GMT+08:00"/>
    <property name="os.name" value="Windows 10"/>
    <property name="java.vm.specification.version" value="18"/>
    <property name="sun.java.launcher" value="SUN_STANDARD"/>
    <property name="user.country" value="CN"/>
    <property name="sun.boot.library.path" value="C:\Program Files\Java\jdk-18.0.1.1\bin"/>
    <property name="sun.java.command" value="C:\Users\SILENT~1\AppData\Local\Temp\surefire7772766162243493699\surefirebooter10336477124286400510.jar C:\Users\silentdragon\AppData\Local\Temp\surefire7772766162243493699 2023-04-21T14-47-03_408-jvmRun1 surefire12256689244979068200tmp surefire_04652365696505154855tmp"/>
    <property name="jdk.debug" value="release"/>
    <property name="surefire.test.class.path" value="C:\Users\silentdragon\IdeaProjects\FinalAssignment\target\test-classes;C:\Users\silentdragon\IdeaProjects\FinalAssignment\target\classes;C:\app\apache-maven-3.9.0\maven_repo\org\springframework\boot\spring-boot-starter-web\3.0.5\spring-boot-starter-web-3.0.5.jar;C:\app\apache-maven-3.9.0\maven_repo\org\springframework\boot\spring-boot-starter\3.0.5\spring-boot-starter-3.0.5.jar;C:\app\apache-maven-3.9.0\maven_repo\org\springframework\boot\spring-boot\3.0.5\spring-boot-3.0.5.jar;C:\app\apache-maven-3.9.0\maven_repo\org\springframework\boot\spring-boot-starter-logging\3.0.5\spring-boot-starter-logging-3.0.5.jar;C:\app\apache-maven-3.9.0\maven_repo\ch\qos\logback\logback-classic\1.4.6\logback-classic-1.4.6.jar;C:\app\apache-maven-3.9.0\maven_repo\ch\qos\logback\logback-core\1.4.6\logback-core-1.4.6.jar;C:\app\apache-maven-3.9.0\maven_repo\org\apache\logging\log4j\log4j-to-slf4j\2.19.0\log4j-to-slf4j-2.19.0.jar;C:\app\apache-maven-3.9.0\maven_repo\org\apache\logging\log4j\log4j-api\2.19.0\log4j-api-2.19.0.jar;C:\app\apache-maven-3.9.0\maven_repo\org\slf4j\jul-to-slf4j\2.0.7\jul-to-slf4j-2.0.7.jar;C:\app\apache-maven-3.9.0\maven_repo\jakarta\annotation\jakarta.annotation-api\2.1.1\jakarta.annotation-api-2.1.1.jar;C:\app\apache-maven-3.9.0\maven_repo\org\yaml\snakeyaml\1.33\snakeyaml-1.33.jar;C:\app\apache-maven-3.9.0\maven_repo\org\springframework\boot\spring-boot-starter-json\3.0.5\spring-boot-starter-json-3.0.5.jar;C:\app\apache-maven-3.9.0\maven_repo\com\fasterxml\jackson\core\jackson-databind\2.14.2\jackson-databind-2.14.2.jar;C:\app\apache-maven-3.9.0\maven_repo\com\fasterxml\jackson\core\jackson-annotations\2.14.2\jackson-annotations-2.14.2.jar;C:\app\apache-maven-3.9.0\maven_repo\com\fasterxml\jackson\core\jackson-core\2.14.2\jackson-core-2.14.2.jar;C:\app\apache-maven-3.9.0\maven_repo\com\fasterxml\jackson\datatype\jackson-datatype-jdk8\2.14.2\jackson-datatype-jdk8-2.14.2.jar;C:\app\apache-maven-3.9.0\maven_repo\com\fasterxml\jackson\datatype\jackson-datatype-jsr310\2.14.2\jackson-datatype-jsr310-2.14.2.jar;C:\app\apache-maven-3.9.0\maven_repo\com\fasterxml\jackson\module\jackson-module-parameter-names\2.14.2\jackson-module-parameter-names-2.14.2.jar;C:\app\apache-maven-3.9.0\maven_repo\org\springframework\boot\spring-boot-starter-tomcat\3.0.5\spring-boot-starter-tomcat-3.0.5.jar;C:\app\apache-maven-3.9.0\maven_repo\org\apache\tomcat\embed\tomcat-embed-core\10.1.7\tomcat-embed-core-10.1.7.jar;C:\app\apache-maven-3.9.0\maven_repo\org\apache\tomcat\embed\tomcat-embed-websocket\10.1.7\tomcat-embed-websocket-10.1.7.jar;C:\app\apache-maven-3.9.0\maven_repo\org\springframework\spring-web\6.0.7\spring-web-6.0.7.jar;C:\app\apache-maven-3.9.0\maven_repo\org\springframework\spring-beans\6.0.7\spring-beans-6.0.7.jar;C:\app\apache-maven-3.9.0\maven_repo\io\micrometer\micrometer-observation\1.10.5\micrometer-observation-1.10.5.jar;C:\app\apache-maven-3.9.0\maven_repo\io\micrometer\micrometer-commons\1.10.5\micrometer-commons-1.10.5.jar;C:\app\apache-maven-3.9.0\maven_repo\org\springframework\spring-webmvc\6.0.7\spring-webmvc-6.0.7.jar;C:\app\apache-maven-3.9.0\maven_repo\org\springframework\spring-aop\6.0.7\spring-aop-6.0.7.jar;C:\app\apache-maven-3.9.0\maven_repo\org\springframework\spring-context\6.0.7\spring-context-6.0.7.jar;C:\app\apache-maven-3.9.0\maven_repo\org\springframework\spring-expression\6.0.7\spring-expression-6.0.7.jar;C:\app\apache-maven-3.9.0\maven_repo\org\springframework\boot\spring-boot-starter-validation\3.0.4\spring-boot-starter-validation-3.0.4.jar;C:\app\apache-maven-3.9.0\maven_repo\org\apache\tomcat\embed\tomcat-embed-el\10.1.7\tomcat-embed-el-10.1.7.jar;C:\app\apache-maven-3.9.0\maven_repo\org\hibernate\validator\hibernate-validator\8.0.0.Final\hibernate-validator-8.0.0.Final.jar;C:\app\apache-maven-3.9.0\maven_repo\jakarta\validation\jakarta.validation-api\3.0.2\jakarta.validation-api-3.0.2.jar;C:\app\apache-maven-3.9.0\maven_repo\org\jboss\logging\jboss-logging\3.5.0.Final\jboss-logging-3.5.0.Final.jar;C:\app\apache-maven-3.9.0\maven_repo\com\fasterxml\classmate\1.5.1\classmate-1.5.1.jar;C:\app\apache-maven-3.9.0\maven_repo\com\baomidou\mybatis-plus-boot-starter\3.5.3.1\mybatis-plus-boot-starter-3.5.3.1.jar;C:\app\apache-maven-3.9.0\maven_repo\com\baomidou\mybatis-plus\3.5.3.1\mybatis-plus-3.5.3.1.jar;C:\app\apache-maven-3.9.0\maven_repo\com\baomidou\mybatis-plus-extension\3.5.3.1\mybatis-plus-extension-3.5.3.1.jar;C:\app\apache-maven-3.9.0\maven_repo\com\baomidou\mybatis-plus-core\3.5.3.1\mybatis-plus-core-3.5.3.1.jar;C:\app\apache-maven-3.9.0\maven_repo\com\baomidou\mybatis-plus-annotation\3.5.3.1\mybatis-plus-annotation-3.5.3.1.jar;C:\app\apache-maven-3.9.0\maven_repo\com\github\jsqlparser\jsqlparser\4.4\jsqlparser-4.4.jar;C:\app\apache-maven-3.9.0\maven_repo\org\mybatis\mybatis\3.5.10\mybatis-3.5.10.jar;C:\app\apache-maven-3.9.0\maven_repo\org\mybatis\mybatis-spring\2.0.7\mybatis-spring-2.0.7.jar;C:\app\apache-maven-3.9.0\maven_repo\org\springframework\boot\spring-boot-autoconfigure\3.0.5\spring-boot-autoconfigure-3.0.5.jar;C:\app\apache-maven-3.9.0\maven_repo\org\springframework\boot\spring-boot-starter-jdbc\3.0.5\spring-boot-starter-jdbc-3.0.5.jar;C:\app\apache-maven-3.9.0\maven_repo\com\zaxxer\HikariCP\5.0.1\HikariCP-5.0.1.jar;C:\app\apache-maven-3.9.0\maven_repo\org\springframework\spring-jdbc\6.0.7\spring-jdbc-6.0.7.jar;C:\app\apache-maven-3.9.0\maven_repo\org\springframework\spring-tx\6.0.7\spring-tx-6.0.7.jar;C:\app\apache-maven-3.9.0\maven_repo\com\alibaba\druid\1.1.16\druid-1.1.16.jar;C:\app\apache-maven-3.9.0\maven_repo\com\mysql\mysql-connector-j\8.0.32\mysql-connector-j-8.0.32.jar;C:\app\apache-maven-3.9.0\maven_repo\org\projectlombok\lombok\1.18.26\lombok-1.18.26.jar;C:\app\apache-maven-3.9.0\maven_repo\org\springframework\boot\spring-boot-starter-test\3.0.5\spring-boot-starter-test-3.0.5.jar;C:\app\apache-maven-3.9.0\maven_repo\org\springframework\boot\spring-boot-test\3.0.5\spring-boot-test-3.0.5.jar;C:\app\apache-maven-3.9.0\maven_repo\org\springframework\boot\spring-boot-test-autoconfigure\3.0.5\spring-boot-test-autoconfigure-3.0.5.jar;C:\app\apache-maven-3.9.0\maven_repo\com\jayway\jsonpath\json-path\2.7.0\json-path-2.7.0.jar;C:\app\apache-maven-3.9.0\maven_repo\net\minidev\json-smart\2.4.10\json-smart-2.4.10.jar;C:\app\apache-maven-3.9.0\maven_repo\net\minidev\accessors-smart\2.4.9\accessors-smart-2.4.9.jar;C:\app\apache-maven-3.9.0\maven_repo\org\ow2\asm\asm\9.3\asm-9.3.jar;C:\app\apache-maven-3.9.0\maven_repo\org\slf4j\slf4j-api\2.0.7\slf4j-api-2.0.7.jar;C:\app\apache-maven-3.9.0\maven_repo\jakarta\xml\bind\jakarta.xml.bind-api\4.0.0\jakarta.xml.bind-api-4.0.0.jar;C:\app\apache-maven-3.9.0\maven_repo\jakarta\activation\jakarta.activation-api\2.1.1\jakarta.activation-api-2.1.1.jar;C:\app\apache-maven-3.9.0\maven_repo\org\assertj\assertj-core\3.23.1\assertj-core-3.23.1.jar;C:\app\apache-maven-3.9.0\maven_repo\net\bytebuddy\byte-buddy\1.12.23\byte-buddy-1.12.23.jar;C:\app\apache-maven-3.9.0\maven_repo\org\hamcrest\hamcrest\2.2\hamcrest-2.2.jar;C:\app\apache-maven-3.9.0\maven_repo\org\junit\jupiter\junit-jupiter\5.9.2\junit-jupiter-5.9.2.jar;C:\app\apache-maven-3.9.0\maven_repo\org\junit\jupiter\junit-jupiter-api\5.9.2\junit-jupiter-api-5.9.2.jar;C:\app\apache-maven-3.9.0\maven_repo\org\opentest4j\opentest4j\1.2.0\opentest4j-1.2.0.jar;C:\app\apache-maven-3.9.0\maven_repo\org\junit\platform\junit-platform-commons\1.9.2\junit-platform-commons-1.9.2.jar;C:\app\apache-maven-3.9.0\maven_repo\org\apiguardian\apiguardian-api\1.1.2\apiguardian-api-1.1.2.jar;C:\app\apache-maven-3.9.0\maven_repo\org\junit\jupiter\junit-jupiter-params\5.9.2\junit-jupiter-params-5.9.2.jar;C:\app\apache-maven-3.9.0\maven_repo\org\junit\jupiter\junit-jupiter-engine\5.9.2\junit-jupiter-engine-5.9.2.jar;C:\app\apache-maven-3.9.0\maven_repo\org\junit\platform\junit-platform-engine\1.9.2\junit-platform-engine-1.9.2.jar;C:\app\apache-maven-3.9.0\maven_repo\org\mockito\mockito-core\4.8.1\mockito-core-4.8.1.jar;C:\app\apache-maven-3.9.0\maven_repo\net\bytebuddy\byte-buddy-agent\1.12.23\byte-buddy-agent-1.12.23.jar;C:\app\apache-maven-3.9.0\maven_repo\org\objenesis\objenesis\3.2\objenesis-3.2.jar;C:\app\apache-maven-3.9.0\maven_repo\org\mockito\mockito-junit-jupiter\4.8.1\mockito-junit-jupiter-4.8.1.jar;C:\app\apache-maven-3.9.0\maven_repo\org\skyscreamer\jsonassert\1.5.1\jsonassert-1.5.1.jar;C:\app\apache-maven-3.9.0\maven_repo\com\vaadin\external\google\android-json\0.0.20131108.vaadin1\android-json-0.0.20131108.vaadin1.jar;C:\app\apache-maven-3.9.0\maven_repo\org\springframework\spring-core\6.0.7\spring-core-6.0.7.jar;C:\app\apache-maven-3.9.0\maven_repo\org\springframework\spring-jcl\6.0.7\spring-jcl-6.0.7.jar;C:\app\apache-maven-3.9.0\maven_repo\org\springframework\spring-test\6.0.7\spring-test-6.0.7.jar;C:\app\apache-maven-3.9.0\maven_repo\org\xmlunit\xmlunit-core\2.9.1\xmlunit-core-2.9.1.jar;"/>
    <property name="sun.cpu.endian" value="little"/>
    <property name="user.home" value="C:\Users\silentdragon"/>
    <property name="user.language" value="zh"/>
    <property name="java.specification.vendor" value="Oracle Corporation"/>
    <property name="java.version.date" value="2022-04-22"/>
    <property name="java.home" value="C:\Program Files\Java\jdk-18.0.1.1"/>
    <property name="file.separator" value="\"/>
    <property name="basedir" value="C:\Users\silentdragon\IdeaProjects\FinalAssignment"/>
    <property name="java.vm.compressedOopsMode" value="Zero based"/>
    <property name="line.separator" value="&#10;"/>
    <property name="java.vm.specification.vendor" value="Oracle Corporation"/>
    <property name="java.specification.name" value="Java Platform API Specification"/>
    <property name="surefire.real.class.path" value="C:\Users\SILENT~1\AppData\Local\Temp\surefire7772766162243493699\surefirebooter10336477124286400510.jar"/>
    <property name="user.script" value=""/>
    <property name="sun.management.compiler" value="HotSpot 64-Bit Tiered Compilers"/>
    <property name="java.runtime.version" value="18.0.1.1+2-6"/>
    <property name="user.name" value="silentdragon"/>
    <property name="path.separator" value=";"/>
    <property name="os.version" value="10.0"/>
    <property name="java.runtime.name" value="Java(TM) SE Runtime Environment"/>
    <property name="file.encoding" value="UTF-8"/>
    <property name="java.vm.name" value="Java HotSpot(TM) 64-Bit Server VM"/>
    <property name="localRepository" value="C:\app\apache-maven-3.9.0\maven_repo"/>
    <property name="java.vendor.url.bug" value="https://bugreport.java.com/bugreport/"/>
    <property name="java.io.tmpdir" value="C:\Users\SILENT~1\AppData\Local\Temp\"/>
    <property name="idea.version" value="2022.3"/>
    <property name="java.version" value="18.0.1.1"/>
    <property name="user.dir" value="C:\Users\silentdragon\IdeaProjects\FinalAssignment"/>
    <property name="os.arch" value="amd64"/>
    <property name="java.vm.specification.name" value="Java Virtual Machine Specification"/>
    <property name="sun.os.patch.level" value=""/>
    <property name="native.encoding" value="GBK"/>
    <property name="java.library.path" value="C:\Program Files\Java\jdk-18.0.1.1\bin;C:\Windows\Sun\Java\bin;C:\Windows\system32;C:\Windows;C:\Program Files (x86)\VMware\VMware Workstation\bin\;C:\program\Scripts\;C:\program\;C:\Program Files (x86)\Razer Chroma SDK\bin;C:\Program Files\Razer Chroma SDK\bin;C:\Program Files\Common Files\Oracle\Java\javapath;C:\Program Files (x86)\Razer\ChromaBroadcast\bin;C:\Program Files\Razer\ChromaBroadcast\bin;C:\Windows\system32;C:\Windows;C:\Windows\System32\Wbem;C:\Windows\System32\WindowsPowerShell\v1.0\;C:\Windows\System32\OpenSSH\;C:\Program Files (x86)\NVIDIA Corporation\PhysX\Common;C:\Windows\system32\config\systemprofile\AppData\Local\Microsoft\WindowsApps;C:\Program Files\NVIDIA Corporation\NVIDIA NvDLISR;C:\Program Files\LLVM\bin;C:\Program Files\LLVM\mingw64\bin;C:\Program Files\MySQL\MySQL Server 8.0\bin\;C:\Program Files (x86)\NetSarang\Xshell 7\;C:\Program Files (x86)\NetSarang\Xftp 7\;C:\Program Files (x86)\ZeroTier\One\;C:\Program Files\nodejs\;C:\app\apache-maven-3.9.0\bin;&quot;C:\app\language\java\bin;C:\app\language\java\jre\bin&quot;;C:\Program Files\dotnet\;C:\Program Files\Git\cmd;C:\Program Files\MySQL\MySQL Shell 8.0\bin\;C:\Users\silentdragon\AppData\Local\Microsoft\WindowsApps;;C:\Users\silentdragon\AppData\Local\Programs\Microsoft VS Code\bin;C:\Program Files\JetBrains\IntelliJ IDEA 2022.3\bin;;C:\Program Files\JetBrains\CLion 2022.3\bin;;C:\Users\silentdragon\AppData\Roaming\npm;."/>
    <property name="java.vm.info" value="mixed mode, sharing"/>
    <property name="java.vendor" value="Oracle Corporation"/>
    <property name="java.vm.version" value="18.0.1.1+2-6"/>
    <property name="sun.io.unicode.encoding" value="UnicodeLittle"/>
    <property name="java.class.version" value="62.0"/>
  </properties>
  <testcase name="contextLoads" classname="com.tjut.FinalAssignmentApplicationTests" time="0.356"/>
</testsuite>